Files already downloaded and verified
Files already downloaded and verified
Beginning training from epoch: 1
/home/g051176/env/latest/lib/python3.7/site-packages/torchvision/models/_utils.py:209: UserWarning: The parameter 'pretrained' is deprecated since 0.13 and will be removed in 0.15, please use 'weights' instead.
  f"The parameter '{pretrained_param}' is deprecated since 0.13 and will be removed in 0.15, "
/home/g051176/env/latest/lib/python3.7/site-packages/torchvision/models/_utils.py:223: UserWarning: Arguments other than a weight enum or `None` for 'weights' are deprecated since 0.13 and will be removed in 0.15. The current behavior is equivalent to passing `weights=ConvNeXt_Tiny_Weights.IMAGENET1K_V1`. You can also use `weights=ConvNeXt_Tiny_Weights.DEFAULT` to get the most up-to-date weights.
  warnings.warn(msg)
Train Loss 0.261
Train Loss 2.323
Train Loss 2.317
Train Loss 2.311
Train Loss 2.313
Train Loss 2.310
Train Loss 2.311
Train Loss 2.312
Epoch   1 | Time    47 | Train Loss 2.3079 | Test Loss 0.002 | Test Error 90.00
Train Loss 0.235
Train Loss 2.299
Train Loss 2.311
Train Loss 2.307
Train Loss 2.306
Train Loss 2.314
Train Loss 2.311
Train Loss 2.308
Epoch   2 | Time    46 | Train Loss 2.3086 | Test Loss 0.002 | Test Error 90.00
Train Loss 0.230
Train Loss 2.299
Train Loss 2.310
Train Loss 2.309
Train Loss 2.306
Train Loss 2.306
Train Loss 2.306
Train Loss 2.176
Epoch   3 | Time    46 | Train Loss 2.1237 | Test Loss 0.002 | Test Error 76.36
Train Loss 0.218
Train Loss 2.057
Train Loss 2.046
Train Loss 2.000
Train Loss 1.986
Train Loss 1.984
Train Loss 1.977
Train Loss 1.930
Epoch   4 | Time    46 | Train Loss 1.9223 | Test Loss 0.002 | Test Error 64.13
Train Loss 0.193
Train Loss 1.872
Train Loss 1.878
Train Loss 1.850
Train Loss 1.844
Train Loss 1.818
Train Loss 1.804
Train Loss 1.802
Epoch   5 | Time    46 | Train Loss 1.7974 | Test Loss 0.002 | Test Error 57.80
Train Loss 0.189
Train Loss 1.783
Train Loss 1.720
Train Loss 1.773
Train Loss 1.753
Train Loss 1.788
Train Loss 1.733
Train Loss 1.714
Epoch   6 | Time    46 | Train Loss 1.7633 | Test Loss 0.002 | Test Error 55.39
Train Loss 0.164
Train Loss 1.733
Train Loss 1.708
Train Loss 1.692
Train Loss 1.718
Train Loss 1.732
Train Loss 1.689
Train Loss 1.688
Epoch   7 | Time    46 | Train Loss 1.6972 | Test Loss 0.001 | Test Error 51.42
Train Loss 0.165
Train Loss 1.664
Train Loss 1.711
Train Loss 1.668
Train Loss 1.661
Train Loss 1.677
Train Loss 1.693
Train Loss 1.687
Epoch   8 | Time    46 | Train Loss 1.6588 | Test Loss 0.001 | Test Error 50.82
Train Loss 0.169
Train Loss 1.603
Train Loss 1.666
Train Loss 1.662
Train Loss 1.658
Train Loss 1.634
Train Loss 1.681
Train Loss 1.644
Epoch   9 | Time    46 | Train Loss 1.6328 | Test Loss 0.001 | Test Error 52.20
Train Loss 0.161
Train Loss 1.635
Train Loss 1.651
Train Loss 1.646
Train Loss 1.635
Train Loss 1.652
Train Loss 1.625
Train Loss 1.606
Epoch  10 | Time    46 | Train Loss 1.6640 | Test Loss 0.001 | Test Error 48.09
Train Loss 0.178
Train Loss 1.620
Train Loss 1.647
Train Loss 1.636
Train Loss 1.634
Train Loss 1.626
Train Loss 1.619
Train Loss 1.634
Epoch  11 | Time    46 | Train Loss 1.5957 | Test Loss 0.001 | Test Error 50.08
Train Loss 0.167
Train Loss 1.622
Train Loss 1.653
Train Loss 1.594
Train Loss 1.652
Train Loss 1.615
Train Loss 1.577
Train Loss 1.601
Epoch  12 | Time    46 | Train Loss 1.5943 | Test Loss 0.001 | Test Error 48.36
Train Loss 0.152
Train Loss 1.573
Train Loss 1.552
Train Loss 1.622
Train Loss 1.621
Train Loss 1.599
Train Loss 1.579
Train Loss 1.596
Epoch  13 | Time    46 | Train Loss 1.6259 | Test Loss 0.001 | Test Error 47.73
Train Loss 0.152
Train Loss 1.566
Train Loss 1.598
Train Loss 1.600
Train Loss 1.607
Train Loss 1.587
Train Loss 1.618
Train Loss 1.610
Epoch  14 | Time    46 | Train Loss 1.6458 | Test Loss 0.001 | Test Error 48.63
Train Loss 0.160
Train Loss 1.604
Train Loss 1.590
Train Loss 1.544
Train Loss 1.590
Train Loss 1.554
Train Loss 1.585
Train Loss 1.591
Epoch  15 | Time    46 | Train Loss 1.5708 | Test Loss 0.001 | Test Error 46.89
Train Loss 0.153
Train Loss 1.581
Train Loss 1.558
Train Loss 1.571
Train Loss 1.585
Train Loss 1.553
Train Loss 1.554
Train Loss 1.585
Epoch  16 | Time    46 | Train Loss 1.5482 | Test Loss 0.001 | Test Error 47.84
Train Loss 0.148
Train Loss 1.567
Train Loss 1.541
Train Loss 1.561
Train Loss 1.574
Train Loss 1.583
Train Loss 1.554
Train Loss 1.578
Epoch  17 | Time    46 | Train Loss 1.5830 | Test Loss 0.001 | Test Error 50.36
Train Loss 0.154
Train Loss 1.559
Train Loss 1.568
Train Loss 1.532
Train Loss 1.529
Train Loss 1.568
Train Loss 1.567
Train Loss 1.558
Epoch  18 | Time    46 | Train Loss 1.5670 | Test Loss 0.001 | Test Error 47.53
Train Loss 0.162
Train Loss 1.562
Train Loss 1.559
Train Loss 1.565
Train Loss 1.588
Train Loss 1.534
Train Loss 1.593
Train Loss 1.559
Epoch  19 | Time    46 | Train Loss 1.5774 | Test Loss 0.001 | Test Error 47.31
Train Loss 0.158
Train Loss 1.562
Train Loss 1.554
Train Loss 1.557
Train Loss 1.541
Train Loss 1.556
Train Loss 1.553
Train Loss 1.544
Epoch  20 | Time    46 | Train Loss 1.5654 | Test Loss 0.001 | Test Error 50.10
Train Loss 0.168
Train Loss 1.536
Train Loss 1.541
Train Loss 1.572
Train Loss 1.551
Train Loss 1.544
Train Loss 1.552
Train Loss 1.533
Epoch  21 | Time    46 | Train Loss 1.5302 | Test Loss 0.001 | Test Error 46.84
Train Loss 0.153
Train Loss 1.519
Train Loss 1.509
Train Loss 1.555
Train Loss 1.572
Train Loss 1.553
Train Loss 1.543
Train Loss 1.555
Epoch  22 | Time    46 | Train Loss 1.5726 | Test Loss 0.001 | Test Error 45.63
Train Loss 0.145
Train Loss 1.510
Train Loss 1.552
Train Loss 1.516
Train Loss 1.531
Train Loss 1.530
Train Loss 1.533
Train Loss 1.531
Epoch  23 | Time    46 | Train Loss 1.5371 | Test Loss 0.001 | Test Error 45.20
Train Loss 0.158
Train Loss 1.504
Train Loss 1.517
Train Loss 1.485
Train Loss 1.518
Train Loss 1.526
Train Loss 1.508
Train Loss 1.504
Epoch  24 | Time    46 | Train Loss 1.4981 | Test Loss 0.001 | Test Error 44.83
Train Loss 0.153
Train Loss 1.509
Train Loss 1.537
Train Loss 1.512
Train Loss 1.532
Train Loss 1.501
Train Loss 1.527
Train Loss 1.509
Epoch  25 | Time    46 | Train Loss 1.5477 | Test Loss 0.001 | Test Error 44.40
Train Loss 0.148
Train Loss 1.478
Train Loss 1.544
Train Loss 1.526
Train Loss 1.506
Train Loss 1.526
Train Loss 1.497
Train Loss 1.517
Epoch  26 | Time    46 | Train Loss 1.5062 | Test Loss 0.001 | Test Error 44.00
Train Loss 0.148
Train Loss 1.474
Train Loss 1.483
Train Loss 1.506
Train Loss 1.539
Train Loss 1.482
Train Loss 1.532
Train Loss 1.492
Epoch  27 | Time    46 | Train Loss 1.4887 | Test Loss 0.001 | Test Error 44.25
Train Loss 0.137
Train Loss 1.498
Train Loss 1.517
Train Loss 1.514
Train Loss 1.506
Train Loss 1.504
Train Loss 1.478
Train Loss 1.493
Epoch  28 | Time    46 | Train Loss 1.5008 | Test Loss 0.001 | Test Error 43.04
Train Loss 0.145
Train Loss 1.506
Train Loss 1.479
Train Loss 1.497
Train Loss 1.505
Train Loss 1.505
Train Loss 1.501
Train Loss 1.492
Epoch  29 | Time    46 | Train Loss 1.5054 | Test Loss 0.001 | Test Error 44.18
Train Loss 0.151
Train Loss 1.478
Train Loss 1.493
Train Loss 1.483
Train Loss 1.501
Train Loss 1.456
Train Loss 1.495
Train Loss 1.502
Epoch  30 | Time    46 | Train Loss 1.4905 | Test Loss 0.001 | Test Error 44.81
Train Loss 0.155
Train Loss 1.458
Train Loss 1.498
Train Loss 1.485
Train Loss 1.485
Train Loss 1.534
Train Loss 1.486
Train Loss 1.497
Epoch  31 | Time    46 | Train Loss 1.4904 | Test Loss 0.001 | Test Error 42.20
Train Loss 0.153
Train Loss 1.471
Train Loss 1.508
Train Loss 1.468
Train Loss 1.510
Train Loss 1.503
Train Loss 1.488
Train Loss 1.483
Epoch  32 | Time    46 | Train Loss 1.4565 | Test Loss 0.001 | Test Error 42.05
Train Loss 0.132
Train Loss 1.453
Train Loss 1.488
Train Loss 1.482
Train Loss 1.487
Train Loss 1.498
Train Loss 1.461
Train Loss 1.478
Epoch  33 | Time    46 | Train Loss 1.4709 | Test Loss 0.001 | Test Error 42.03
Train Loss 0.157
Train Loss 1.418
Train Loss 1.476
Train Loss 1.466
Train Loss 1.475
Train Loss 1.479
Train Loss 1.473
Train Loss 1.474
Epoch  34 | Time    46 | Train Loss 1.4676 | Test Loss 0.001 | Test Error 41.79
Train Loss 0.152
Train Loss 1.449
Train Loss 1.462
Train Loss 1.462
Train Loss 1.463
Train Loss 1.465
Train Loss 1.447
Train Loss 1.481
Epoch  35 | Time    46 | Train Loss 1.4662 | Test Loss 0.001 | Test Error 43.10
Train Loss 0.156
Train Loss 1.400
Train Loss 1.465
Train Loss 1.480
Train Loss 1.443
Train Loss 1.485
Train Loss 1.464
Train Loss 1.472
Epoch  36 | Time    46 | Train Loss 1.4544 | Test Loss 0.001 | Test Error 41.48
Train Loss 0.140
Train Loss 1.420
Train Loss 1.478
Train Loss 1.473
Train Loss 1.424
Train Loss 1.477
Train Loss 1.426
Train Loss 1.485
Epoch  37 | Time    46 | Train Loss 1.4678 | Test Loss 0.001 | Test Error 42.19
Train Loss 0.155
Train Loss 1.470
Train Loss 1.487
Train Loss 1.459
Train Loss 1.428
Train Loss 1.457
Train Loss 1.448
Train Loss 1.455
Epoch  38 | Time    46 | Train Loss 1.4534 | Test Loss 0.001 | Test Error 41.33
Train Loss 0.145
Train Loss 1.464
Train Loss 1.452
Train Loss 1.445
Train Loss 1.449
Train Loss 1.457
Train Loss 1.481
Train Loss 1.445
Epoch  39 | Time    46 | Train Loss 1.4543 | Test Loss 0.001 | Test Error 41.46
Train Loss 0.138
Train Loss 1.410
Train Loss 1.449
Train Loss 1.454
Train Loss 1.455
Train Loss 1.472
Train Loss 1.445
Train Loss 1.431
Epoch  40 | Time    46 | Train Loss 1.3847 | Test Loss 0.001 | Test Error 40.41
Train Loss 0.136
Train Loss 1.416
Train Loss 1.412
Train Loss 1.451
Train Loss 1.443
Train Loss 1.427
Train Loss 1.434
Train Loss 1.431
Epoch  41 | Time    46 | Train Loss 1.4545 | Test Loss 0.001 | Test Error 39.95
Train Loss 0.139
Train Loss 1.414
Train Loss 1.395
Train Loss 1.450
Train Loss 1.442
Train Loss 1.456
Train Loss 1.451
Train Loss 1.438
Epoch  42 | Time    46 | Train Loss 1.4334 | Test Loss 0.001 | Test Error 40.03
Train Loss 0.148
Train Loss 1.451
Train Loss 1.395
Train Loss 1.414
Train Loss 1.422
Train Loss 1.447
Train Loss 1.411
Train Loss 1.442
Epoch  43 | Time    46 | Train Loss 1.4202 | Test Loss 0.001 | Test Error 40.21
Train Loss 0.137
Train Loss 1.442
Train Loss 1.441
Train Loss 1.432
Train Loss 1.434
Train Loss 1.402
Train Loss 1.413
Train Loss 1.446
Epoch  44 | Time    46 | Train Loss 1.4309 | Test Loss 0.001 | Test Error 40.34
Train Loss 0.143
Train Loss 1.416
Train Loss 1.434
Train Loss 1.434
Train Loss 1.432
Train Loss 1.410
Train Loss 1.419
Train Loss 1.428
Epoch  45 | Time    46 | Train Loss 1.3810 | Test Loss 0.001 | Test Error 41.23
Train Loss 0.152
Train Loss 1.392
Train Loss 1.407
Train Loss 1.443
Train Loss 1.385
Train Loss 1.408
Train Loss 1.410
Train Loss 1.382
Epoch  46 | Time    46 | Train Loss 1.3946 | Test Loss 0.001 | Test Error 39.03
Train Loss 0.153
Train Loss 1.395
Train Loss 1.432
Train Loss 1.433
Train Loss 1.416
Train Loss 1.399
Train Loss 1.412
Train Loss 1.380
Epoch  47 | Time    46 | Train Loss 1.3719 | Test Loss 0.001 | Test Error 39.58
Train Loss 0.142
Train Loss 1.396
Train Loss 1.383
Train Loss 1.425
Train Loss 1.393
Train Loss 1.387
Train Loss 1.383
Train Loss 1.386
Epoch  48 | Time    46 | Train Loss 1.4083 | Test Loss 0.001 | Test Error 38.08
Train Loss 0.141
Train Loss 1.364
Train Loss 1.377
Train Loss 1.412
Train Loss 1.381
Train Loss 1.392
Train Loss 1.418
Train Loss 1.375
Epoch  49 | Time    46 | Train Loss 1.3747 | Test Loss 0.001 | Test Error 40.16
Train Loss 0.142
Train Loss 1.381
Train Loss 1.414
Train Loss 1.385
Train Loss 1.415
Train Loss 1.380
Train Loss 1.379
Train Loss 1.373
Epoch  50 | Time    46 | Train Loss 1.4101 | Test Loss 0.001 | Test Error 38.72
Train Loss 0.138
Train Loss 1.353
Train Loss 1.405
Train Loss 1.385
Train Loss 1.361
Train Loss 1.391
Train Loss 1.357
Train Loss 1.364
Epoch  51 | Time    46 | Train Loss 1.3896 | Test Loss 0.001 | Test Error 38.48
Train Loss 0.136
Train Loss 1.380
Train Loss 1.383
Train Loss 1.361
Train Loss 1.403
Train Loss 1.366
Train Loss 1.372
Train Loss 1.356
Epoch  52 | Time    46 | Train Loss 1.4037 | Test Loss 0.001 | Test Error 37.42
Train Loss 0.127
Train Loss 1.369
Train Loss 1.360
Train Loss 1.411
Train Loss 1.357
Train Loss 1.406
Train Loss 1.349
Train Loss 1.397
Epoch  53 | Time    46 | Train Loss 1.3756 | Test Loss 0.001 | Test Error 37.83
Train Loss 0.136
Train Loss 1.344
Train Loss 1.370
Train Loss 1.360
Train Loss 1.353
Train Loss 1.367
Train Loss 1.370
Train Loss 1.364
Epoch  54 | Time    46 | Train Loss 1.3730 | Test Loss 0.001 | Test Error 36.68
Train Loss 0.138
Train Loss 1.361
Train Loss 1.335
Train Loss 1.352
Train Loss 1.342
Train Loss 1.371
Train Loss 1.395
Train Loss 1.355
Epoch  55 | Time    46 | Train Loss 1.3943 | Test Loss 0.001 | Test Error 37.40
Train Loss 0.130
Train Loss 1.330
Train Loss 1.351
Train Loss 1.314
Train Loss 1.327
Train Loss 1.388
Train Loss 1.374
Train Loss 1.357
Epoch  56 | Time    46 | Train Loss 1.3650 | Test Loss 0.001 | Test Error 38.88
Train Loss 0.131
Train Loss 1.353
Train Loss 1.368
Train Loss 1.338
Train Loss 1.337
Train Loss 1.363
Train Loss 1.342
Train Loss 1.340
Epoch  57 | Time    46 | Train Loss 1.3469 | Test Loss 0.001 | Test Error 38.10
Train Loss 0.150
Train Loss 1.318
Train Loss 1.395
Train Loss 1.339
Train Loss 1.368
Train Loss 1.352
Train Loss 1.326
Train Loss 1.318
Epoch  58 | Time    46 | Train Loss 1.3446 | Test Loss 0.001 | Test Error 36.47
Train Loss 0.137
Train Loss 1.331
Train Loss 1.305
Train Loss 1.358
Train Loss 1.331
Train Loss 1.338
Train Loss 1.329
Train Loss 1.350
Epoch  59 | Time    46 | Train Loss 1.3462 | Test Loss 0.001 | Test Error 37.05
Train Loss 0.124
Train Loss 1.298
Train Loss 1.321
Train Loss 1.342
Train Loss 1.320
Train Loss 1.346
Train Loss 1.357
Train Loss 1.343
Epoch  60 | Time    46 | Train Loss 1.3488 | Test Loss 0.001 | Test Error 36.05
Train Loss 0.146
Train Loss 1.328
Train Loss 1.308
Train Loss 1.311
Train Loss 1.324
Train Loss 1.321
Train Loss 1.302
Train Loss 1.327
Epoch  61 | Time    46 | Train Loss 1.3420 | Test Loss 0.001 | Test Error 36.57
Train Loss 0.135
Train Loss 1.334
Train Loss 1.321
Train Loss 1.348
Train Loss 1.360
Train Loss 1.313
Train Loss 1.315
Train Loss 1.333
Epoch  62 | Time    46 | Train Loss 1.3253 | Test Loss 0.001 | Test Error 35.94
Train Loss 0.120
Train Loss 1.297
Train Loss 1.321
Train Loss 1.344
Train Loss 1.304
Train Loss 1.301
Train Loss 1.325
Train Loss 1.291
Epoch  63 | Time    46 | Train Loss 1.3029 | Test Loss 0.001 | Test Error 35.75
Train Loss 0.128
Train Loss 1.308
Train Loss 1.326
Train Loss 1.319
Train Loss 1.313
Train Loss 1.321
Train Loss 1.296
Train Loss 1.316
Epoch  64 | Time    46 | Train Loss 1.3674 | Test Loss 0.001 | Test Error 37.58
Train Loss 0.144
Train Loss 1.323
Train Loss 1.310
Train Loss 1.316
Train Loss 1.325
Train Loss 1.291
Train Loss 1.324
Train Loss 1.279
Epoch  65 | Time    46 | Train Loss 1.3546 | Test Loss 0.001 | Test Error 37.88
Train Loss 0.147
Train Loss 1.334
Train Loss 1.303
Train Loss 1.299
Train Loss 1.306
Train Loss 1.294
Train Loss 1.293
Train Loss 1.272
Epoch  66 | Time    46 | Train Loss 1.3026 | Test Loss 0.001 | Test Error 35.48
Train Loss 0.132
Train Loss 1.286
Train Loss 1.291
Train Loss 1.314
Train Loss 1.330
Train Loss 1.280
Train Loss 1.341
Train Loss 1.304
Epoch  67 | Time    46 | Train Loss 1.2938 | Test Loss 0.001 | Test Error 35.29
Train Loss 0.125
Train Loss 1.257
Train Loss 1.342
Train Loss 1.311
Train Loss 1.303
Train Loss 1.313
Train Loss 1.312
Train Loss 1.289
Epoch  68 | Time    46 | Train Loss 1.2985 | Test Loss 0.001 | Test Error 34.37
Train Loss 0.132
Train Loss 1.266
Train Loss 1.259
Train Loss 1.279
Train Loss 1.286
Train Loss 1.307
Train Loss 1.290
Train Loss 1.263
Epoch  69 | Time    46 | Train Loss 1.2818 | Test Loss 0.001 | Test Error 34.94
Train Loss 0.135
Train Loss 1.293
Train Loss 1.292
Train Loss 1.284
Train Loss 1.303
Train Loss 1.286
Train Loss 1.302
Train Loss 1.291
Epoch  70 | Time    46 | Train Loss 1.3249 | Test Loss 0.001 | Test Error 34.93
Train Loss 0.127
Train Loss 1.299
Train Loss 1.309
Train Loss 1.248
Train Loss 1.271
Train Loss 1.260
Train Loss 1.284
Train Loss 1.273
Epoch  71 | Time    46 | Train Loss 1.2791 | Test Loss 0.001 | Test Error 33.68
Train Loss 0.134
Train Loss 1.275
Train Loss 1.292
Train Loss 1.306
Train Loss 1.269
Train Loss 1.291
Train Loss 1.307
Train Loss 1.249
Epoch  72 | Time    46 | Train Loss 1.2603 | Test Loss 0.001 | Test Error 34.89
Train Loss 0.119
Train Loss 1.267
Train Loss 1.261
Train Loss 1.274
Train Loss 1.244
Train Loss 1.283
Train Loss 1.263
Train Loss 1.303
Epoch  73 | Time    46 | Train Loss 1.2489 | Test Loss 0.001 | Test Error 33.88
Train Loss 0.124
Train Loss 1.278
Train Loss 1.274
Train Loss 1.257
Train Loss 1.230
Train Loss 1.283
Train Loss 1.288
Train Loss 1.297
Epoch  74 | Time    46 | Train Loss 1.2630 | Test Loss 0.001 | Test Error 33.94
Train Loss 0.125
Train Loss 1.264
Train Loss 1.265
Train Loss 1.286
Train Loss 1.280
Train Loss 1.216
Train Loss 1.296
Train Loss 1.263
Epoch  75 | Time    46 | Train Loss 1.2938 | Test Loss 0.001 | Test Error 33.68
Train Loss 0.120
Train Loss 1.249
Train Loss 1.272
Train Loss 1.282
Train Loss 1.263
Train Loss 1.269
Train Loss 1.275
Train Loss 1.260
Epoch  76 | Time    46 | Train Loss 1.2629 | Test Loss 0.001 | Test Error 32.72
Train Loss 0.133
Train Loss 1.251
Train Loss 1.296
Train Loss 1.270
Train Loss 1.274
Train Loss 1.257
Train Loss 1.222
Train Loss 1.276
Epoch  77 | Time    46 | Train Loss 1.2711 | Test Loss 0.001 | Test Error 33.36
Train Loss 0.115
Train Loss 1.249
Train Loss 1.224
Train Loss 1.237
Train Loss 1.256
Train Loss 1.246
Train Loss 1.203
Train Loss 1.239
Epoch  78 | Time    46 | Train Loss 1.2327 | Test Loss 0.001 | Test Error 32.98
Train Loss 0.123
Train Loss 1.281
Train Loss 1.234
Train Loss 1.263
Train Loss 1.232
Train Loss 1.251
Train Loss 1.232
Train Loss 1.235
Epoch  79 | Time    46 | Train Loss 1.2108 | Test Loss 0.001 | Test Error 32.72
Train Loss 0.118
Train Loss 1.225
Train Loss 1.237
Train Loss 1.242
Train Loss 1.245
Train Loss 1.224
Train Loss 1.236
Train Loss 1.219
Epoch  80 | Time    46 | Train Loss 1.2341 | Test Loss 0.001 | Test Error 32.43
Train Loss 0.115
Train Loss 1.199
Train Loss 1.229
Train Loss 1.236
Train Loss 1.233
Train Loss 1.216
Train Loss 1.211
Train Loss 1.242
Epoch  81 | Time    46 | Train Loss 1.2579 | Test Loss 0.001 | Test Error 34.04
Train Loss 0.119
Train Loss 1.224
Train Loss 1.229
Train Loss 1.218
Train Loss 1.233
Train Loss 1.202
Train Loss 1.219
Train Loss 1.223
Epoch  82 | Time    46 | Train Loss 1.2471 | Test Loss 0.001 | Test Error 32.36
Train Loss 0.122
Train Loss 1.205
Train Loss 1.223
Train Loss 1.241
Train Loss 1.237
Train Loss 1.219
Train Loss 1.201
Train Loss 1.186
Epoch  83 | Time    46 | Train Loss 1.2380 | Test Loss 0.001 | Test Error 31.75
Train Loss 0.124
Train Loss 1.228
Train Loss 1.236
Train Loss 1.219
Train Loss 1.201
Train Loss 1.199
Train Loss 1.202
Train Loss 1.218
Epoch  84 | Time    46 | Train Loss 1.2037 | Test Loss 0.001 | Test Error 32.02
Train Loss 0.121
Train Loss 1.227
Train Loss 1.187
Train Loss 1.212
Train Loss 1.215
Train Loss 1.233
Train Loss 1.213
Train Loss 1.188
Epoch  85 | Time    46 | Train Loss 1.2152 | Test Loss 0.001 | Test Error 31.70
Train Loss 0.109
Train Loss 1.222
Train Loss 1.235
Train Loss 1.225
Train Loss 1.213
Train Loss 1.220
Train Loss 1.187
Train Loss 1.212
Epoch  86 | Time    46 | Train Loss 1.1945 | Test Loss 0.001 | Test Error 31.98
Train Loss 0.110
Train Loss 1.208
Train Loss 1.183
Train Loss 1.214
Train Loss 1.196
Train Loss 1.211
Train Loss 1.176
Train Loss 1.219
Epoch  87 | Time    46 | Train Loss 1.1794 | Test Loss 0.001 | Test Error 31.05
Train Loss 0.130
Train Loss 1.183
Train Loss 1.200
Train Loss 1.233
Train Loss 1.206
Train Loss 1.179
Train Loss 1.203
Train Loss 1.200
Epoch  88 | Time    46 | Train Loss 1.2178 | Test Loss 0.001 | Test Error 31.77
Train Loss 0.114
Train Loss 1.159
Train Loss 1.205
Train Loss 1.175
Train Loss 1.200
Train Loss 1.203
Train Loss 1.199
Train Loss 1.196
Epoch  89 | Time    46 | Train Loss 1.2026 | Test Loss 0.001 | Test Error 31.87
Train Loss 0.145
Train Loss 1.176
Train Loss 1.204
Train Loss 1.175
Train Loss 1.175
Train Loss 1.157
Train Loss 1.210
Train Loss 1.172
Epoch  90 | Time    46 | Train Loss 1.1938 | Test Loss 0.001 | Test Error 31.45
Train Loss 0.128
Train Loss 1.143
Train Loss 1.195
Train Loss 1.198
Train Loss 1.177
Train Loss 1.202
Train Loss 1.157
Train Loss 1.185
Epoch  91 | Time    46 | Train Loss 1.1625 | Test Loss 0.001 | Test Error 30.97
Train Loss 0.109
Train Loss 1.168
Train Loss 1.167
Train Loss 1.182
Train Loss 1.210
Train Loss 1.195
Train Loss 1.189
Train Loss 1.196
Epoch  92 | Time    46 | Train Loss 1.1826 | Test Loss 0.001 | Test Error 31.28
Train Loss 0.110
Train Loss 1.150
Train Loss 1.173
Train Loss 1.197
Train Loss 1.155
Train Loss 1.178
Train Loss 1.177
Train Loss 1.191
Epoch  93 | Time    46 | Train Loss 1.1498 | Test Loss 0.001 | Test Error 30.71
Train Loss 0.109
Train Loss 1.148
Train Loss 1.153
Train Loss 1.197
Train Loss 1.189
Train Loss 1.164
Train Loss 1.221
Train Loss 1.153
Epoch  94 | Time    46 | Train Loss 1.1669 | Test Loss 0.001 | Test Error 30.42
Train Loss 0.117
Train Loss 1.173
Train Loss 1.210
Train Loss 1.155
Train Loss 1.132
Train Loss 1.147
Train Loss 1.205
Train Loss 1.188
Epoch  95 | Time    46 | Train Loss 1.1401 | Test Loss 0.001 | Test Error 30.29
Train Loss 0.104
Train Loss 1.162
Train Loss 1.171
Train Loss 1.195
Train Loss 1.141
Train Loss 1.152
Train Loss 1.162
Train Loss 1.179
Epoch  96 | Time    46 | Train Loss 1.1344 | Test Loss 0.001 | Test Error 30.01
Train Loss 0.127
Train Loss 1.201
Train Loss 1.141
Train Loss 1.165
Train Loss 1.163
Train Loss 1.188
Train Loss 1.165
Train Loss 1.112
Epoch  97 | Time    46 | Train Loss 1.1483 | Test Loss 0.001 | Test Error 30.35
Train Loss 0.109
Train Loss 1.132
Train Loss 1.143
Train Loss 1.192
Train Loss 1.215
Train Loss 1.145
Train Loss 1.167
Train Loss 1.159
Epoch  98 | Time    46 | Train Loss 1.1684 | Test Loss 0.001 | Test Error 30.06
Train Loss 0.110
Train Loss 1.171
Train Loss 1.178
Train Loss 1.142
Train Loss 1.153
Train Loss 1.170
Train Loss 1.169
Train Loss 1.172
Epoch  99 | Time    46 | Train Loss 1.1557 | Test Loss 0.001 | Test Error 30.02
Train Loss 0.113
Train Loss 1.186
Train Loss 1.174
Train Loss 1.149
Train Loss 1.158
Train Loss 1.162
Train Loss 1.166
Train Loss 1.191
Epoch 100 | Time    46 | Train Loss 1.1573 | Test Loss 0.001 | Test Error 30.08
gaussian_noise
	Test Loss 0.001 | Test Error 37.080
shot_noise
	Test Loss 0.001 | Test Error 35.134
impulse_noise
	Test Loss 0.001 | Test Error 40.154
defocus_blur
	Test Loss 0.001 | Test Error 32.396
glass_blur
	Test Loss 0.001 | Test Error 36.700
motion_blur
	Test Loss 0.001 | Test Error 36.770
zoom_blur
	Test Loss 0.001 | Test Error 33.844
snow
	Test Loss 0.001 | Test Error 38.282
frost
	Test Loss 0.001 | Test Error 40.128
fog
	Test Loss 0.001 | Test Error 42.156
brightness
	Test Loss 0.001 | Test Error 33.410
contrast
	Test Loss 0.002 | Test Error 49.256
elastic_transform
	Test Loss 0.001 | Test Error 34.412
pixelate
	Test Loss 0.001 | Test Error 31.630
jpeg_compression
	Test Loss 0.001 | Test Error 32.162
Mean Corruption Error: 36.901
