Files already downloaded and verified
Files already downloaded and verified
Beginning training from epoch: 1
Train Loss 0.249
Train Loss 2.079
Train Loss 2.064
Train Loss 2.032
Train Loss 1.992
Train Loss 2.013
Train Loss 1.992
Train Loss 1.977
Epoch   1 | Time    47 | Train Loss 1.9383 | Test Loss 0.002 | Test Error 59.77
Train Loss 0.192
Train Loss 1.934
Train Loss 1.889
Train Loss 1.891
Train Loss 1.868
Train Loss 1.868
Train Loss 1.848
Train Loss 1.831
Epoch   2 | Time    47 | Train Loss 1.8156 | Test Loss 0.002 | Test Error 56.09
Train Loss 0.187
Train Loss 1.816
Train Loss 1.808
Train Loss 1.791
Train Loss 1.811
Train Loss 1.782
Train Loss 1.782
Train Loss 1.765
Epoch   3 | Time    47 | Train Loss 1.7775 | Test Loss 0.002 | Test Error 54.40
Train Loss 0.179
Train Loss 1.749
Train Loss 1.737
Train Loss 1.750
Train Loss 1.727
Train Loss 1.714
Train Loss 1.718
Train Loss 1.742
Epoch   4 | Time    47 | Train Loss 1.6928 | Test Loss 0.001 | Test Error 51.96
Train Loss 0.159
Train Loss 1.716
Train Loss 1.695
Train Loss 1.686
Train Loss 1.693
Train Loss 1.689
Train Loss 1.666
Train Loss 1.669
Epoch   5 | Time    47 | Train Loss 1.6686 | Test Loss 0.001 | Test Error 50.98
Train Loss 0.164
Train Loss 1.629
Train Loss 1.635
Train Loss 1.630
Train Loss 1.643
Train Loss 1.655
Train Loss 1.614
Train Loss 1.600
Epoch   6 | Time    47 | Train Loss 1.6258 | Test Loss 0.001 | Test Error 48.94
Train Loss 0.174
Train Loss 1.607
Train Loss 1.600
Train Loss 1.596
Train Loss 1.608
Train Loss 1.559
Train Loss 1.597
Train Loss 1.584
Epoch   7 | Time    47 | Train Loss 1.5895 | Test Loss 0.001 | Test Error 47.58
Train Loss 0.161
Train Loss 1.555
Train Loss 1.577
Train Loss 1.610
Train Loss 1.571
Train Loss 1.587
Train Loss 1.556
Train Loss 1.582
Epoch   8 | Time    47 | Train Loss 1.5529 | Test Loss 0.001 | Test Error 46.32
Train Loss 0.152
Train Loss 1.553
Train Loss 1.540
Train Loss 1.510
Train Loss 1.563
Train Loss 1.557
Train Loss 1.527
Train Loss 1.509
Epoch   9 | Time    47 | Train Loss 1.5430 | Test Loss 0.001 | Test Error 45.31
Train Loss 0.152
Train Loss 1.499
Train Loss 1.516
Train Loss 1.501
Train Loss 1.488
Train Loss 1.499
Train Loss 1.532
Train Loss 1.545
Epoch  10 | Time    46 | Train Loss 1.5145 | Test Loss 0.001 | Test Error 44.36
Train Loss 0.150
Train Loss 1.519
Train Loss 1.480
Train Loss 1.514
Train Loss 1.504
Train Loss 1.484
Train Loss 1.468
Train Loss 1.503
Epoch  11 | Time    47 | Train Loss 1.4927 | Test Loss 0.001 | Test Error 43.68
Train Loss 0.151
Train Loss 1.474
Train Loss 1.490
Train Loss 1.486
Train Loss 1.473
Train Loss 1.469
Train Loss 1.481
Train Loss 1.472
Epoch  12 | Time    46 | Train Loss 1.4819 | Test Loss 0.001 | Test Error 43.11
Train Loss 0.146
Train Loss 1.467
Train Loss 1.431
Train Loss 1.454
Train Loss 1.441
Train Loss 1.480
Train Loss 1.463
Train Loss 1.423
Epoch  13 | Time    46 | Train Loss 1.4628 | Test Loss 0.001 | Test Error 42.95
Train Loss 0.160
Train Loss 1.420
Train Loss 1.424
Train Loss 1.450
Train Loss 1.465
Train Loss 1.435
Train Loss 1.445
Train Loss 1.454
Epoch  14 | Time    46 | Train Loss 1.4404 | Test Loss 0.001 | Test Error 41.95
Train Loss 0.150
Train Loss 1.440
Train Loss 1.417
Train Loss 1.417
Train Loss 1.437
Train Loss 1.427
Train Loss 1.412
Train Loss 1.409
Epoch  15 | Time    46 | Train Loss 1.4081 | Test Loss 0.001 | Test Error 41.72
Train Loss 0.130
Train Loss 1.392
Train Loss 1.415
Train Loss 1.394
Train Loss 1.407
Train Loss 1.397
Train Loss 1.405
Train Loss 1.375
Epoch  16 | Time    46 | Train Loss 1.4068 | Test Loss 0.001 | Test Error 41.34
Train Loss 0.136
Train Loss 1.408
Train Loss 1.335
Train Loss 1.395
Train Loss 1.363
Train Loss 1.422
Train Loss 1.399
Train Loss 1.376
Epoch  17 | Time    46 | Train Loss 1.4358 | Test Loss 0.001 | Test Error 40.54
Train Loss 0.141
Train Loss 1.384
Train Loss 1.390
Train Loss 1.379
Train Loss 1.356
Train Loss 1.378
Train Loss 1.401
Train Loss 1.358
Epoch  18 | Time    47 | Train Loss 1.3385 | Test Loss 0.001 | Test Error 39.81
Train Loss 0.137
Train Loss 1.323
Train Loss 1.361
Train Loss 1.376
Train Loss 1.357
Train Loss 1.394
Train Loss 1.350
Train Loss 1.338
Epoch  19 | Time    47 | Train Loss 1.3749 | Test Loss 0.001 | Test Error 39.73
Train Loss 0.139
Train Loss 1.317
Train Loss 1.330
Train Loss 1.368
Train Loss 1.349
Train Loss 1.342
Train Loss 1.351
Train Loss 1.323
Epoch  20 | Time    46 | Train Loss 1.3754 | Test Loss 0.001 | Test Error 38.95
Train Loss 0.142
Train Loss 1.312
Train Loss 1.344
Train Loss 1.316
Train Loss 1.320
Train Loss 1.331
Train Loss 1.318
Train Loss 1.333
Epoch  21 | Time    46 | Train Loss 1.3415 | Test Loss 0.001 | Test Error 38.76
Train Loss 0.122
Train Loss 1.313
Train Loss 1.317
Train Loss 1.311
Train Loss 1.317
Train Loss 1.301
Train Loss 1.330
Train Loss 1.333
Epoch  22 | Time    46 | Train Loss 1.3458 | Test Loss 0.001 | Test Error 38.17
Train Loss 0.128
Train Loss 1.276
Train Loss 1.356
Train Loss 1.282
Train Loss 1.305
Train Loss 1.308
Train Loss 1.278
Train Loss 1.314
Epoch  23 | Time    46 | Train Loss 1.3027 | Test Loss 0.001 | Test Error 37.38
Train Loss 0.125
Train Loss 1.290
Train Loss 1.271
Train Loss 1.283
Train Loss 1.276
Train Loss 1.303
Train Loss 1.288
Train Loss 1.316
Epoch  24 | Time    46 | Train Loss 1.2817 | Test Loss 0.001 | Test Error 37.87
Train Loss 0.136
Train Loss 1.305
Train Loss 1.276
Train Loss 1.266
Train Loss 1.258
Train Loss 1.293
Train Loss 1.274
Train Loss 1.295
Epoch  25 | Time    46 | Train Loss 1.2767 | Test Loss 0.001 | Test Error 36.85
Train Loss 0.120
Train Loss 1.280
Train Loss 1.264
Train Loss 1.266
Train Loss 1.270
Train Loss 1.260
Train Loss 1.259
Train Loss 1.256
Epoch  26 | Time    46 | Train Loss 1.2909 | Test Loss 0.001 | Test Error 37.07
Train Loss 0.130
Train Loss 1.250
Train Loss 1.260
Train Loss 1.283
Train Loss 1.256
Train Loss 1.256
Train Loss 1.278
Train Loss 1.264
Epoch  27 | Time    46 | Train Loss 1.2476 | Test Loss 0.001 | Test Error 36.36
Train Loss 0.127
Train Loss 1.248
Train Loss 1.273
Train Loss 1.251
Train Loss 1.249
Train Loss 1.267
Train Loss 1.250
Train Loss 1.244
Epoch  28 | Time    46 | Train Loss 1.2668 | Test Loss 0.001 | Test Error 36.29
Train Loss 0.130
Train Loss 1.256
Train Loss 1.205
Train Loss 1.245
Train Loss 1.239
Train Loss 1.218
Train Loss 1.210
Train Loss 1.239
Epoch  29 | Time    46 | Train Loss 1.1943 | Test Loss 0.001 | Test Error 35.19
Train Loss 0.128
Train Loss 1.243
Train Loss 1.181
Train Loss 1.197
Train Loss 1.220
Train Loss 1.224
Train Loss 1.192
Train Loss 1.249
Epoch  30 | Time    46 | Train Loss 1.1955 | Test Loss 0.001 | Test Error 35.24
Train Loss 0.120
Train Loss 1.181
Train Loss 1.202
Train Loss 1.224
Train Loss 1.197
Train Loss 1.269
Train Loss 1.185
Train Loss 1.186
Epoch  31 | Time    46 | Train Loss 1.2075 | Test Loss 0.001 | Test Error 34.43
Train Loss 0.111
Train Loss 1.199
Train Loss 1.213
Train Loss 1.208
Train Loss 1.180
Train Loss 1.209
Train Loss 1.200
Train Loss 1.191
Epoch  32 | Time    46 | Train Loss 1.1893 | Test Loss 0.001 | Test Error 34.45
Train Loss 0.123
Train Loss 1.178
Train Loss 1.179
Train Loss 1.213
Train Loss 1.195
Train Loss 1.206
Train Loss 1.204
Train Loss 1.231
Epoch  33 | Time    46 | Train Loss 1.2046 | Test Loss 0.001 | Test Error 34.06
Train Loss 0.121
Train Loss 1.163
Train Loss 1.176
Train Loss 1.170
Train Loss 1.184
Train Loss 1.137
Train Loss 1.196
Train Loss 1.168
Epoch  34 | Time    46 | Train Loss 1.1739 | Test Loss 0.001 | Test Error 34.26
Train Loss 0.128
Train Loss 1.131
Train Loss 1.190
Train Loss 1.166
Train Loss 1.167
Train Loss 1.186
Train Loss 1.190
Train Loss 1.124
Epoch  35 | Time    46 | Train Loss 1.1843 | Test Loss 0.001 | Test Error 33.22
Train Loss 0.118
Train Loss 1.166
Train Loss 1.189
Train Loss 1.178
Train Loss 1.176
Train Loss 1.142
Train Loss 1.161
Train Loss 1.159
Epoch  36 | Time    46 | Train Loss 1.2035 | Test Loss 0.001 | Test Error 33.57
Train Loss 0.127
Train Loss 1.157
Train Loss 1.147
Train Loss 1.169
Train Loss 1.116
Train Loss 1.157
Train Loss 1.156
Train Loss 1.169
Epoch  37 | Time    46 | Train Loss 1.1176 | Test Loss 0.001 | Test Error 33.08
Train Loss 0.119
Train Loss 1.129
Train Loss 1.141
Train Loss 1.146
Train Loss 1.142
Train Loss 1.117
Train Loss 1.135
Train Loss 1.174
Epoch  38 | Time    46 | Train Loss 1.1369 | Test Loss 0.001 | Test Error 33.12
Train Loss 0.097
Train Loss 1.102
Train Loss 1.141
Train Loss 1.139
Train Loss 1.135
Train Loss 1.128
Train Loss 1.122
Train Loss 1.187
Epoch  39 | Time    46 | Train Loss 1.1508 | Test Loss 0.001 | Test Error 32.10
Train Loss 0.115
Train Loss 1.127
Train Loss 1.118
Train Loss 1.132
Train Loss 1.106
Train Loss 1.107
Train Loss 1.124
Train Loss 1.145
Epoch  40 | Time    46 | Train Loss 1.1011 | Test Loss 0.001 | Test Error 32.19
Train Loss 0.115
Train Loss 1.098
Train Loss 1.107
Train Loss 1.119
Train Loss 1.087
Train Loss 1.167
Train Loss 1.113
Train Loss 1.141
Epoch  41 | Time    46 | Train Loss 1.1123 | Test Loss 0.001 | Test Error 31.77
Train Loss 0.107
Train Loss 1.085
Train Loss 1.110
Train Loss 1.119
Train Loss 1.108
Train Loss 1.093
Train Loss 1.106
Train Loss 1.114
Epoch  42 | Time    47 | Train Loss 1.1045 | Test Loss 0.001 | Test Error 31.46
Train Loss 0.096
Train Loss 1.077
Train Loss 1.049
Train Loss 1.088
Train Loss 1.106
Train Loss 1.102
Train Loss 1.106
Train Loss 1.106
Epoch  43 | Time    46 | Train Loss 1.1069 | Test Loss 0.001 | Test Error 31.11
Train Loss 0.103
Train Loss 1.047
Train Loss 1.088
Train Loss 1.054
Train Loss 1.099
Train Loss 1.115
Train Loss 1.113
Train Loss 1.075
Epoch  44 | Time    46 | Train Loss 1.0855 | Test Loss 0.001 | Test Error 31.27
Train Loss 0.125
Train Loss 1.079
Train Loss 1.080
Train Loss 1.080
Train Loss 1.092
Train Loss 1.066
Train Loss 1.085
Train Loss 1.060
Epoch  45 | Time    46 | Train Loss 1.0866 | Test Loss 0.001 | Test Error 30.89
Train Loss 0.121
Train Loss 1.058
Train Loss 1.101
Train Loss 1.099
Train Loss 1.068
Train Loss 1.065
Train Loss 1.062
Train Loss 1.061
Epoch  46 | Time    46 | Train Loss 1.0520 | Test Loss 0.001 | Test Error 30.76
Train Loss 0.105
Train Loss 1.093
Train Loss 1.073
Train Loss 1.062
Train Loss 1.068
Train Loss 1.034
Train Loss 1.060
Train Loss 1.087
Epoch  47 | Time    46 | Train Loss 1.0939 | Test Loss 0.001 | Test Error 31.88
Train Loss 0.097
Train Loss 1.068
Train Loss 1.063
Train Loss 1.076
Train Loss 1.041
Train Loss 1.056
Train Loss 1.078
Train Loss 1.040
Epoch  48 | Time    46 | Train Loss 1.0468 | Test Loss 0.001 | Test Error 30.55
Train Loss 0.095
Train Loss 1.046
Train Loss 1.072
Train Loss 1.041
Train Loss 1.049
Train Loss 1.033
Train Loss 1.051
Train Loss 1.035
Epoch  49 | Time    46 | Train Loss 1.0765 | Test Loss 0.001 | Test Error 30.07
Train Loss 0.091
Train Loss 1.034
Train Loss 1.092
Train Loss 1.033
Train Loss 1.020
Train Loss 1.035
Train Loss 1.055
Train Loss 1.012
Epoch  50 | Time    46 | Train Loss 1.0498 | Test Loss 0.001 | Test Error 30.26
Train Loss 0.112
Train Loss 1.004
Train Loss 1.036
Train Loss 1.032
Train Loss 1.015
Train Loss 1.030
Train Loss 1.030
Train Loss 1.030
Epoch  51 | Time    46 | Train Loss 1.0493 | Test Loss 0.001 | Test Error 29.95
Train Loss 0.112
Train Loss 1.023
Train Loss 1.065
Train Loss 1.053
Train Loss 1.039
Train Loss 1.016
Train Loss 1.043
Train Loss 1.039
Epoch  52 | Time    46 | Train Loss 1.0261 | Test Loss 0.001 | Test Error 29.93
Train Loss 0.113
Train Loss 1.012
Train Loss 1.028
Train Loss 1.050
Train Loss 1.006
Train Loss 1.023
Train Loss 1.035
Train Loss 1.036
Epoch  53 | Time    47 | Train Loss 1.0075 | Test Loss 0.001 | Test Error 29.75
Train Loss 0.083
Train Loss 0.993
Train Loss 1.031
Train Loss 1.038
Train Loss 1.024
Train Loss 1.013
Train Loss 1.070
Train Loss 1.041
Epoch  54 | Time    47 | Train Loss 1.0024 | Test Loss 0.001 | Test Error 29.63
Train Loss 0.104
Train Loss 1.009
Train Loss 1.004
Train Loss 1.029
Train Loss 0.992
Train Loss 1.017
Train Loss 1.025
Train Loss 0.997
Epoch  55 | Time    46 | Train Loss 1.0047 | Test Loss 0.001 | Test Error 29.50
Train Loss 0.104
Train Loss 0.987
Train Loss 0.981
Train Loss 1.028
Train Loss 0.989
Train Loss 1.020
Train Loss 0.996
Train Loss 0.993
Epoch  56 | Time    46 | Train Loss 0.9731 | Test Loss 0.001 | Test Error 29.22
Train Loss 0.101
Train Loss 0.982
Train Loss 0.987
Train Loss 0.998
Train Loss 0.986
Train Loss 0.966
Train Loss 1.066
Train Loss 1.000
Epoch  57 | Time    46 | Train Loss 1.0060 | Test Loss 0.001 | Test Error 29.13
Train Loss 0.106
Train Loss 0.972
Train Loss 0.981
Train Loss 0.986
Train Loss 0.957
Train Loss 0.984
Train Loss 0.975
Train Loss 0.979
Epoch  58 | Time    46 | Train Loss 1.0100 | Test Loss 0.001 | Test Error 29.16
Train Loss 0.097
Train Loss 0.990
Train Loss 0.930
Train Loss 0.973
Train Loss 0.983
Train Loss 1.009
Train Loss 0.987
Train Loss 1.000
Epoch  59 | Time    46 | Train Loss 1.0221 | Test Loss 0.001 | Test Error 28.91
Train Loss 0.100
Train Loss 0.962
Train Loss 0.981
Train Loss 0.978
Train Loss 0.990
Train Loss 0.969
Train Loss 1.004
Train Loss 0.953
Epoch  60 | Time    46 | Train Loss 0.9740 | Test Loss 0.001 | Test Error 29.11
Train Loss 0.095
Train Loss 0.959
Train Loss 0.953
Train Loss 0.976
Train Loss 0.958
Train Loss 0.958
Train Loss 0.938
Train Loss 0.990
Epoch  61 | Time    46 | Train Loss 1.0073 | Test Loss 0.001 | Test Error 29.07
Train Loss 0.099
Train Loss 0.948
Train Loss 0.980
Train Loss 0.993
Train Loss 0.954
Train Loss 0.955
Train Loss 0.978
Train Loss 0.942
Epoch  62 | Time    46 | Train Loss 0.9578 | Test Loss 0.001 | Test Error 29.12
Train Loss 0.118
Train Loss 0.955
Train Loss 0.964
Train Loss 0.960
Train Loss 0.971
Train Loss 0.939
Train Loss 0.943
Train Loss 0.974
Epoch  63 | Time    46 | Train Loss 0.9294 | Test Loss 0.001 | Test Error 28.51
Train Loss 0.103
Train Loss 0.946
Train Loss 0.974
Train Loss 0.934
Train Loss 0.928
Train Loss 0.955
Train Loss 0.940
Train Loss 1.004
Epoch  64 | Time    46 | Train Loss 0.9406 | Test Loss 0.001 | Test Error 28.72
Train Loss 0.085
Train Loss 0.969
Train Loss 0.988
Train Loss 0.945
Train Loss 0.965
Train Loss 0.939
Train Loss 0.983
Train Loss 0.937
Epoch  65 | Time    46 | Train Loss 0.9393 | Test Loss 0.001 | Test Error 28.31
Train Loss 0.087
Train Loss 0.910
Train Loss 0.927
Train Loss 0.947
Train Loss 0.966
Train Loss 0.942
Train Loss 0.936
Train Loss 0.938
Epoch  66 | Time    46 | Train Loss 0.9714 | Test Loss 0.001 | Test Error 28.49
Train Loss 0.093
Train Loss 0.947
Train Loss 0.904
Train Loss 0.911
Train Loss 0.955
Train Loss 0.975
Train Loss 0.933
Train Loss 0.910
Epoch  67 | Time    46 | Train Loss 0.9375 | Test Loss 0.001 | Test Error 28.31
Train Loss 0.080
Train Loss 0.929
Train Loss 0.950
Train Loss 0.951
Train Loss 0.931
Train Loss 0.938
Train Loss 0.959
Train Loss 0.939
Epoch  68 | Time    46 | Train Loss 0.9526 | Test Loss 0.001 | Test Error 28.59
Train Loss 0.088
Train Loss 0.970
Train Loss 0.905
Train Loss 0.950
Train Loss 0.897
Train Loss 0.898
Train Loss 0.923
Train Loss 0.900
Epoch  69 | Time    46 | Train Loss 0.9299 | Test Loss 0.001 | Test Error 28.32
Train Loss 0.090
Train Loss 0.943
Train Loss 0.944
Train Loss 0.942
Train Loss 0.927
Train Loss 0.927
Train Loss 0.900
Train Loss 0.944
Epoch  70 | Time    46 | Train Loss 0.9150 | Test Loss 0.001 | Test Error 28.38
Train Loss 0.118
Train Loss 0.953
Train Loss 0.924
Train Loss 0.904
Train Loss 0.932
Train Loss 0.942
Train Loss 0.903
Train Loss 0.923
Epoch  71 | Time    46 | Train Loss 0.9422 | Test Loss 0.001 | Test Error 27.78
Train Loss 0.102
Train Loss 0.928
Train Loss 0.922
Train Loss 0.910
Train Loss 0.881
Train Loss 0.921
Train Loss 0.899
Train Loss 0.923
Epoch  72 | Time    46 | Train Loss 0.9108 | Test Loss 0.001 | Test Error 28.04
Train Loss 0.093
Train Loss 0.917
Train Loss 0.946
Train Loss 0.926
Train Loss 0.943
Train Loss 0.906
Train Loss 0.934
Train Loss 0.925
Epoch  73 | Time    46 | Train Loss 0.8897 | Test Loss 0.001 | Test Error 28.16
Train Loss 0.088
Train Loss 0.905
Train Loss 0.930
Train Loss 0.935
Train Loss 0.911
Train Loss 0.931
Train Loss 0.914
Train Loss 0.906
Epoch  74 | Time    46 | Train Loss 0.9526 | Test Loss 0.001 | Test Error 28.05
Train Loss 0.093
Train Loss 0.896
Train Loss 0.916
Train Loss 0.922
Train Loss 0.909
Train Loss 0.930
Train Loss 0.908
Train Loss 0.914
Epoch  75 | Time    46 | Train Loss 0.9217 | Test Loss 0.001 | Test Error 27.81
Train Loss 0.072
Train Loss 0.928
Train Loss 0.899
Train Loss 0.929
Train Loss 0.947
Train Loss 0.957
Train Loss 0.912
Train Loss 0.899
Epoch  76 | Time    46 | Train Loss 0.8892 | Test Loss 0.001 | Test Error 27.95
Train Loss 0.094
Train Loss 0.868
Train Loss 0.917
Train Loss 0.938
Train Loss 0.912
Train Loss 0.893
Train Loss 0.894
Train Loss 0.878
Epoch  77 | Time    46 | Train Loss 0.8921 | Test Loss 0.001 | Test Error 27.66
Train Loss 0.079
Train Loss 0.889
Train Loss 0.893
Train Loss 0.889
Train Loss 0.929
Train Loss 0.916
Train Loss 0.895
Train Loss 0.908
Epoch  78 | Time    46 | Train Loss 0.8740 | Test Loss 0.001 | Test Error 28.00
Train Loss 0.101
Train Loss 0.895
Train Loss 0.911
Train Loss 0.924
Train Loss 0.905
Train Loss 0.942
Train Loss 0.901
Train Loss 0.891
Epoch  79 | Time    46 | Train Loss 0.9072 | Test Loss 0.001 | Test Error 27.58
Train Loss 0.095
Train Loss 0.900
Train Loss 0.896
Train Loss 0.914
Train Loss 0.943
Train Loss 0.895
Train Loss 0.874
Train Loss 0.888
Epoch  80 | Time    46 | Train Loss 0.9170 | Test Loss 0.001 | Test Error 27.50
Train Loss 0.102
Train Loss 0.879
Train Loss 0.903
Train Loss 0.904
Train Loss 0.878
Train Loss 0.919
Train Loss 0.894
Train Loss 0.910
Epoch  81 | Time    46 | Train Loss 0.9040 | Test Loss 0.001 | Test Error 27.68
Train Loss 0.085
Train Loss 0.863
Train Loss 0.897
Train Loss 0.873
Train Loss 0.883
Train Loss 0.919
Train Loss 0.896
Train Loss 0.920
Epoch  82 | Time    46 | Train Loss 0.8794 | Test Loss 0.001 | Test Error 27.58
Train Loss 0.092
Train Loss 0.891
Train Loss 0.901
Train Loss 0.931
Train Loss 0.888
Train Loss 0.912
Train Loss 0.890
Train Loss 0.880
Epoch  83 | Time    46 | Train Loss 0.9287 | Test Loss 0.001 | Test Error 27.61
Train Loss 0.094
Train Loss 0.900
Train Loss 0.879
Train Loss 0.885
Train Loss 0.890
Train Loss 0.895
Train Loss 0.917
Train Loss 0.919
Epoch  84 | Time    46 | Train Loss 0.8845 | Test Loss 0.001 | Test Error 27.49
Train Loss 0.092
Train Loss 0.878
Train Loss 0.918
Train Loss 0.885
Train Loss 0.893
Train Loss 0.895
Train Loss 0.890
Train Loss 0.889
Epoch  85 | Time    47 | Train Loss 0.8793 | Test Loss 0.001 | Test Error 27.40
Train Loss 0.083
Train Loss 0.879
Train Loss 0.907
Train Loss 0.889
Train Loss 0.889
Train Loss 0.886
Train Loss 0.840
Train Loss 0.904
Epoch  86 | Time    46 | Train Loss 0.8827 | Test Loss 0.001 | Test Error 27.52
Train Loss 0.092
Train Loss 0.874
Train Loss 0.902
Train Loss 0.917
Train Loss 0.885
Train Loss 0.876
Train Loss 0.902
Train Loss 0.915
Epoch  87 | Time    46 | Train Loss 0.9032 | Test Loss 0.001 | Test Error 27.59
Train Loss 0.100
Train Loss 0.867
Train Loss 0.889
Train Loss 0.882
Train Loss 0.875
Train Loss 0.895
Train Loss 0.859
Train Loss 0.914
Epoch  88 | Time    46 | Train Loss 0.8701 | Test Loss 0.001 | Test Error 27.53
Train Loss 0.098
Train Loss 0.889
Train Loss 0.886
Train Loss 0.892
Train Loss 0.868
Train Loss 0.918
Train Loss 0.874
Train Loss 0.919
Epoch  89 | Time    46 | Train Loss 0.8728 | Test Loss 0.001 | Test Error 27.50
Train Loss 0.094
Train Loss 0.863
Train Loss 0.903
Train Loss 0.871
Train Loss 0.927
Train Loss 0.906
Train Loss 0.891
Train Loss 0.863
Epoch  90 | Time    46 | Train Loss 0.8559 | Test Loss 0.001 | Test Error 27.45
Train Loss 0.096
Train Loss 0.891
Train Loss 0.895
Train Loss 0.869
Train Loss 0.890
Train Loss 0.939
Train Loss 0.866
Train Loss 0.885
Epoch  91 | Time    46 | Train Loss 0.9090 | Test Loss 0.001 | Test Error 27.52
Train Loss 0.081
Train Loss 0.885
Train Loss 0.897
Train Loss 0.866
Train Loss 0.902
Train Loss 0.870
Train Loss 0.904
Train Loss 0.907
Epoch  92 | Time    46 | Train Loss 0.8389 | Test Loss 0.001 | Test Error 27.50
Train Loss 0.090
Train Loss 0.908
Train Loss 0.886
Train Loss 0.902
Train Loss 0.896
Train Loss 0.882
Train Loss 0.869
Train Loss 0.901
Epoch  93 | Time    46 | Train Loss 0.8851 | Test Loss 0.001 | Test Error 27.48
Train Loss 0.093
Train Loss 0.883
Train Loss 0.876
Train Loss 0.929
Train Loss 0.905
Train Loss 0.887
Train Loss 0.853
Train Loss 0.904
Epoch  94 | Time    46 | Train Loss 0.8949 | Test Loss 0.001 | Test Error 27.49
gaussian_noise
	Test Loss 0.001 | Test Error 31.812
shot_noise
	Test Loss 0.001 | Test Error 30.272
impulse_noise
	Test Loss 0.001 | Test Error 35.028
defocus_blur
	Test Loss 0.001 | Test Error 28.690
glass_blur
	Test Loss 0.001 | Test Error 28.974
motion_blur
	Test Loss 0.001 | Test Error 29.596
zoom_blur
	Test Loss 0.001 | Test Error 29.514
snow
	Test Loss 0.001 | Test Error 31.966
frost
	Test Loss 0.001 | Test Error 35.922
fog
	Test Loss 0.001 | Test Error 41.856
brightness
	Test Loss 0.001 | Test Error 31.156
contrast
	Test Loss 0.001 | Test Error 44.732
elastic_transform
	Test Loss 0.001 | Test Error 30.272
pixelate
	Test Loss 0.001 | Test Error 27.842
jpeg_compression
	Test Loss 0.001 | Test Error 28.700
Mean Corruption Error: 32.422
